#
# There is insufficient memory for the Java Runtime Environment to continue.
# Native memory allocation (malloc) failed to allocate 1048576 bytes for AllocateHeap
# Possible reasons:
#   The system is out of physical RAM or swap space
#   The process is running with CompressedOops enabled, and the Java Heap may be blocking the growth of the native heap
# Possible solutions:
#   Reduce memory load on the system
#   Increase physical memory or swap space
#   Check if swap backing store is full
#   Decrease Java heap size (-Xmx/-Xms)
#   Decrease number of Java threads
#   Decrease Java thread stack sizes (-Xss)
#   Set larger code cache with -XX:ReservedCodeCacheSize=
#   JVM is running with Unscaled Compressed Oops mode in which the Java heap is
#     placed in the first 4GB address space. The Java Heap base address is the
#     maximum limit for the native heap growth. Please use -XX:HeapBaseMinAddress
#     to set the Java Heap base and to place the Java Heap above 4GB virtual address.
# This output file may be truncated or incomplete.
#
#  Out of Memory Error (memory/allocation.inline.hpp:61), pid=8844, tid=0x0000000000000308
#
# JRE version:  (8.0_271-b09) (build )
# Java VM: Java HotSpot(TM) 64-Bit Server VM (25.271-b09 mixed mode windows-amd64 compressed oops)
# Failed to write core dump. Minidumps are not enabled by default on client versions of Windows
#

---------------  T H R E A D  ---------------

Current thread (0x00000126d464e800):  JavaThread "Unknown thread" [_thread_in_vm, id=776, stack(0x0000000b89b00000,0x0000000b89c00000)]

Stack: [0x0000000b89b00000,0x0000000b89c00000]
Native frames: (J=compiled Java code, j=interpreted, Vv=VM code, C=native code)
V  [jvm.dll+0x33f6c9]
V  [jvm.dll+0x286122]
V  [jvm.dll+0x286dcd]
V  [jvm.dll+0x27d805]
V  [jvm.dll+0x1565d]
V  [jvm.dll+0x3d98d8]
V  [jvm.dll+0x3da69e]
V  [jvm.dll+0x3d6637]
V  [jvm.dll+0x10cfff]
V  [jvm.dll+0x21ab2b]
V  [jvm.dll+0x2494e7]
V  [jvm.dll+0x172a76]
C  [java.exe+0x2312]
C  [java.exe+0x15f54]
C  [KERNEL32.DLL+0x17034]
C  [ntdll.dll+0x52651]


---------------  P R O C E S S  ---------------

Java Threads: ( => current thread )

Other Threads:

=>0x00000126d464e800 (exited) JavaThread "Unknown thread" [_thread_in_vm, id=776, stack(0x0000000b89b00000,0x0000000b89c00000)]

VM state:not at safepoint (normal execution)

VM Mutex/Monitor currently owned by a thread: None

heap address: 0x0000000081c00000, size: 2020 MB, Compressed Oops mode: 32-bit
Narrow klass base: 0x0000000000000000, Narrow klass shift: 3
Compressed class space size: 1073741824 Address: 0x0000000100000000

Heap:
 PSYoungGen      total 38400K, used 665K [0x00000000d5f00000, 0x00000000d8980000, 0x0000000100000000)
  eden space 33280K, 2% used [0x00000000d5f00000,0x00000000d5fa6670,0x00000000d7f80000)
  from space 5120K, 0% used [0x00000000d8480000,0x00000000d8480000,0x00000000d8980000)
  to   space 5120K, 0% used [0x00000000d7f80000,0x00000000d7f80000,0x00000000d8480000)
 ParOldGen       total 87552K, used 0K [0x0000000081c00000, 0x0000000087180000, 0x00000000d5f00000)
  object space 87552K, 0% used [0x0000000081c00000,0x0000000081c00000,0x0000000087180000)
 Metaspace       used 776K, capacity 4480K, committed 4480K, reserved 1056768K
  class space    used 76K, capacity 384K, committed 384K, reserved 1048576K

Card table byte_map: [0x00000126e5310000,0x00000126e5710000] byte_map_base: 0x00000126e4f02000

Marking Bits: (ParMarkBitMap*) 0x0000000056d17fe0
 Begin Bits: [0x00000126e59c0000, 0x00000126e7950000)
 End Bits:   [0x00000126e7950000, 0x00000126e98e0000)

Polling page: 0x00000126d4730000

CodeCache: size=245760Kb used=328Kb max_used=328Kb free=245431Kb
 bounds [0x00000126d5f50000, 0x00000126d61c0000, 0x00000126e4f50000]
 total_blobs=58 nmethods=0 adapters=38
 compilation: enabled

Compilation events (0 events):
No events

GC Heap History (0 events):
No events

Deoptimization events (0 events):
No events

Classes redefined (0 events):
No events

Internal exceptions (0 events):
No events

Events (10 events):
Event: 0.041 loading class java/lang/Short
Event: 0.042 loading class java/lang/Short done
Event: 0.042 loading class java/lang/Integer
Event: 0.042 loading class java/lang/Integer done
Event: 0.042 loading class java/lang/Long
Event: 0.042 loading class java/lang/Long done
Event: 0.043 loading class java/lang/NullPointerException
Event: 0.043 loading class java/lang/NullPointerException done
Event: 0.043 loading class java/lang/ArithmeticException
Event: 0.043 loading class java/lang/ArithmeticException done


Dynamic libraries:
0x00007ff6dc760000 - 0x00007ff6dc7a7000 	C:\Program Files\Java\jdk1.8.0_271\bin\java.exe
0x00007ffdb7b50000 - 0x00007ffdb7d45000 	C:\WINDOWS\SYSTEM32\ntdll.dll
0x00007ffdb66e0000 - 0x00007ffdb679d000 	C:\WINDOWS\System32\KERNEL32.DLL
0x00007ffdb5480000 - 0x00007ffdb5749000 	C:\WINDOWS\System32\KERNELBASE.dll
0x00007ffdb7610000 - 0x00007ffdb76bc000 	C:\WINDOWS\System32\ADVAPI32.dll
0x00007ffdb7a10000 - 0x00007ffdb7aae000 	C:\WINDOWS\System32\msvcrt.dll
0x00007ffdb78e0000 - 0x00007ffdb797b000 	C:\WINDOWS\System32\sechost.dll
0x00007ffdb77a0000 - 0x00007ffdb78ca000 	C:\WINDOWS\System32\RPCRT4.dll
0x00007ffdb7470000 - 0x00007ffdb7610000 	C:\WINDOWS\System32\USER32.dll
0x00007ffdb5b60000 - 0x00007ffdb5b82000 	C:\WINDOWS\System32\win32u.dll
0x00007ffdb79e0000 - 0x00007ffdb7a0a000 	C:\WINDOWS\System32\GDI32.dll
0x00007ffdb5950000 - 0x00007ffdb5a5b000 	C:\WINDOWS\System32\gdi32full.dll
0x00007ffdb58b0000 - 0x00007ffdb594d000 	C:\WINDOWS\System32\msvcp_win.dll
0x00007ffdb5a60000 - 0x00007ffdb5b60000 	C:\WINDOWS\System32\ucrtbase.dll
0x00007ffda0120000 - 0x00007ffda03ba000 	C:\WINDOWS\WinSxS\amd64_microsoft.windows.common-controls_6595b64144ccf1df_6.0.19041.1110_none_60b5254171f9507e\COMCTL32.dll
0x00007ffdb6570000 - 0x00007ffdb65a0000 	C:\WINDOWS\System32\IMM32.DLL
0x00007ffda2930000 - 0x00007ffda2945000 	C:\Program Files\Java\jdk1.8.0_271\jre\bin\vcruntime140.dll
0x00007ffd7be40000 - 0x00007ffd7bedb000 	C:\Program Files\Java\jdk1.8.0_271\jre\bin\msvcp140.dll
0x0000000056520000 - 0x0000000056d8f000 	C:\Program Files\Java\jdk1.8.0_271\jre\bin\server\jvm.dll
0x00007ffdb67a0000 - 0x00007ffdb67a8000 	C:\WINDOWS\System32\PSAPI.DLL
0x00007ffd998a0000 - 0x00007ffd998c7000 	C:\WINDOWS\SYSTEM32\WINMM.dll
0x00007ffdad150000 - 0x00007ffdad159000 	C:\WINDOWS\SYSTEM32\WSOCK32.dll
0x00007ffdb6be0000 - 0x00007ffdb6c4b000 	C:\WINDOWS\System32\WS2_32.dll
0x00007ffda66d0000 - 0x00007ffda66da000 	C:\WINDOWS\SYSTEM32\VERSION.dll
0x00007ffdb3ba0000 - 0x00007ffdb3bb2000 	C:\WINDOWS\SYSTEM32\kernel.appcore.dll
0x00007ffdac520000 - 0x00007ffdac530000 	C:\Program Files\Java\jdk1.8.0_271\jre\bin\verify.dll
0x00007ffd91070000 - 0x00007ffd9109b000 	C:\Program Files\Java\jdk1.8.0_271\jre\bin\java.dll
0x00007ffd9fd30000 - 0x00007ffd9fd48000 	C:\Program Files\Java\jdk1.8.0_271\jre\bin\zip.dll
0x00007ffdb3930000 - 0x00007ffdb3b14000 	C:\WINDOWS\SYSTEM32\dbghelp.dll
0x00007ffdb52f0000 - 0x00007ffdb5373000 	C:\WINDOWS\System32\bcryptPrimitives.dll

VM Arguments:
jvm_args: -Dfile.encoding=UTF-8 
java_command: loginsignup.LoginSignUp
java_class_path (initial): D:\Code\JAVA Netbeans\Application\LoginSignUp\build\classes
Launcher Type: SUN_STANDARD

Environment Variables:
PATH=C:\Program Files (x86)\Common Files\Oracle\Java\javapath;C:\WINDOWS\system32;C:\WINDOWS;C:\WINDOWS\System32\Wbem;C:\WINDOWS\System32\WindowsPowerShell\v1.0\;C:\WINDOWS\System32\OpenSSH\;C:\Program Files (x86)\Intel\Intel(R) Management Engine Components\DAL;C:\Program Files\Intel\Intel(R) Management Engine Components\DAL;C:\Program Files (x86)\Microsoft SQL Server\100\Tools\Binn\;C:\Program Files\Microsoft SQL Server\100\Tools\Binn\;C:\Program Files\Microsoft SQL Server\100\DTS\Binn\;C:\Program Files\Microsoft SQL Server\110\Tools\Binn\;C:\Program Files (x86)\Windows Kits\8.1\Windows Performance Toolkit\;C:\Program Files (x86)\Microsoft SDKs\TypeScript\1.0\;C:\Users\HP\AppData\Local\Programs\Python\Python38-32\Scripts\;C:\Users\HP\AppData\Local\Programs\Python\Python38-32\;C:\Users\HP\AppData\Local\Programs\Python\Python38\Scripts\;C:\Users\HP\AppData\Local\Programs\Python\Python38\;C:\Users\HP\AppData\Local\Microsoft\WindowsApps;D:\Code\Python\coursera;C:\Program Files\JetBrains\IntelliJ IDEA 2020.3\bin;%USERPROFILE%\AppData\Local\Microsoft\WindowsApps;
USERNAME=HP
OS=Windows_NT
PROCESSOR_IDENTIFIER=Intel64 Family 6 Model 78 Stepping 3, GenuineIntel



---------------  S Y S T E M  ---------------

OS: Windows 10.0 , 64 bit Build 19041 (10.0.19041.1023)

CPU:total 4 (initial active 4) (2 cores per cpu, 2 threads per core) family 6 model 78 stepping 3, cmov, cx8, fxsr, mmx, sse, sse2, sse3, ssse3, sse4.1, sse4.2, popcnt, avx, avx2, aes, clmul, erms, rtm, 3dnowpref, lzcnt, ht, tsc, tscinvbit, bmi1, bmi2, adx

Memory: 4k page, physical 8266340k(2918256k free), swap 21897828k(5128k free)

vm_info: Java HotSpot(TM) 64-Bit Server VM (25.271-b09) for windows-amd64 JRE (1.8.0_271-b09), built on Sep 16 2020 19:14:59 by "" with MS VC++ 15.9 (VS2017)

time: Sun Aug 15 19:54:11 2021
timezone: Bangladesh Standard Time
elapsed time: 0.083333 seconds (0d 0h 0m 0s)

